<?xml version="1.0" encoding="UTF-8"?>
<testsuite name="com.cheeseocean.im.client.protocol.TcpPacketCodecTest" tests="3" skipped="0" failures="0" errors="0" timestamp="2026-03-22T08:25:24" hostname="Xuechengs-MacBook-Pro.local" time="0.01">
  <properties/>
  <testcase name="operationIdShouldBeClampedToSixteenBytes()" classname="com.cheeseocean.im.client.protocol.TcpPacketCodecTest" time="0.008"/>
  <testcase name="readPacketShouldHandleHeaderThenPayloadFromStream()" classname="com.cheeseocean.im.client.protocol.TcpPacketCodecTest" time="0.0"/>
  <testcase name="encodeAndDecodeShouldRoundTripAuthPacket()" classname="com.cheeseocean.im.client.protocol.TcpPacketCodecTest" time="0.001"/>
  <system-out><![CDATA[]]></system-out>
  <system-err><![CDATA[]]></system-err>
</testsuite>
